<?xml version="1.0" encoding="UTF-8"?>
<testsuite name="com.github.davidmoten.geo.mem.GeomemTest" tests="6" skipped="0" failures="0" errors="0" timestamp="2019-04-24T12:36:02" hostname="DESKTOP-V5JPTA4" time="0.237">
  <properties/>
  <testcase name="createRegionFilter" classname="com.github.davidmoten.geo.mem.GeomemTest" time="0.07"/>
  <testcase name="add" classname="com.github.davidmoten.geo.mem.GeomemTest" time="0.161"/>
  <testcase name="add1" classname="com.github.davidmoten.geo.mem.GeomemTest" time="0.002"/>
  <testcase name="add2" classname="com.github.davidmoten.geo.mem.GeomemTest" time="0.001"/>
  <testcase name="add3" classname="com.github.davidmoten.geo.mem.GeomemTest" time="0.0"/>
  <testcase name="find" classname="com.github.davidmoten.geo.mem.GeomemTest" time="0.002"/>
  <system-out><![CDATA[java.util.NoSuchElementException
]]></system-out>
  <system-err><![CDATA[]]></system-err>
</testsuite>
