<?xml version="1.0" encoding="UTF-8"?>
<testsuite name="com.github.davidmoten.geo.LatLongTest" tests="1" skipped="0" failures="0" errors="0" timestamp="2019-04-24T12:36:02" hostname="DESKTOP-V5JPTA4" time="0.001">
  <properties/>
  <testcase name="add" classname="com.github.davidmoten.geo.LatLongTest" time="0.001"/>
  <system-out><![CDATA[]]></system-out>
  <system-err><![CDATA[]]></system-err>
</testsuite>
