<?xml version="1.0" encoding="UTF-8"?>
<testsuite name="com.github.davidmoten.geo.CoverageLongsTest" tests="3" skipped="0" failures="0" errors="0" timestamp="2019-04-24T12:36:02" hostname="DESKTOP-V5JPTA4" time="0.008">
  <properties/>
  <testcase name="getHashLength" classname="com.github.davidmoten.geo.CoverageLongsTest" time="0.0"/>
  <testcase name="getHashes" classname="com.github.davidmoten.geo.CoverageLongsTest" time="0.006"/>
  <testcase name="toString_test" classname="com.github.davidmoten.geo.CoverageLongsTest" time="0.0"/>
  <system-out><![CDATA[]]></system-out>
  <system-err><![CDATA[]]></system-err>
</testsuite>
